[21:50:35] [Client thread/INFO]: Setting user: Player437
[21:50:35] [Client thread/INFO]: (Session ID is token:0:Player437)
[21:50:36] [Client thread/INFO]: [OptiFine] *** Reflector Forge ***
[21:50:36] [Client thread/INFO]: [OptiFine] (Reflector) Class not present: mods.betterfoliage.client.BetterFoliageClient
[21:50:36] [Client thread/INFO]: [OptiFine] (Reflector) Class not present: net.minecraftforge.fml.common.asm.transformers.BlamingTransformer
[21:50:36] [Client thread/INFO]: [OptiFine] (Reflector) Class not present: net.minecraftforge.event.world.ChunkWatchEvent$UnWatch
[21:50:36] [Client thread/INFO]: [OptiFine] (Reflector) Class not present: net.minecraftforge.fml.relauncher.CoreModManager
[21:50:36] [Client thread/INFO]: [OptiFine] (Reflector) Class not present: net.minecraftforge.common.DimensionManager
[21:50:36] [Client thread/INFO]: [OptiFine] (Reflector) Class not present: net.minecraftforge.client.event.GuiScreenEvent$DrawScreenEvent$Pre
[21:50:36] [Client thread/INFO]: [OptiFine] (Reflector) Class not present: net.minecraftforge.client.event.GuiScreenEvent$DrawScreenEvent$Post
[21:50:36] [Client thread/INFO]: [OptiFine] (Reflector) Class not present: net.minecraftforge.client.event.EntityViewRenderEvent$CameraSetup
[21:50:36] [Client thread/INFO]: [OptiFine] (Reflector) Class not present: net.minecraftforge.client.event.EntityViewRenderEvent$FogColors
[21:50:36] [Client thread/INFO]: [OptiFine] (Reflector) Class not present: net.minecraftforge.fml.common.eventhandler.Event
[21:50:36] [Client thread/INFO]: [OptiFine] (Reflector) Class not present: net.minecraftforge.fml.common.eventhandler.EventBus
[21:50:36] [Client thread/INFO]: [OptiFine] (Reflector) Class not present: net.minecraftforge.fml.common.eventhandler.Event$Result
[21:50:36] [Client thread/INFO]: [OptiFine] (Reflector) Class not present: net.minecraftforge.common.property.ExtendedBlockState
[21:50:36] [Client thread/INFO]: [OptiFine] (Reflector) Class not present: net.minecraftforge.fml.client.FMLClientHandler
[21:50:36] [Client thread/INFO]: [OptiFine] (Reflector) Class not present: net.minecraftforge.fml.common.FMLCommonHandler
[21:50:36] [Client thread/INFO]: [OptiFine] (Reflector) Method not present: net.minecraft.world.biome.BiomeGenBase.getWaterColorMultiplier
[21:50:36] [Client thread/INFO]: [OptiFine] (Reflector) Method not present: net.minecraft.block.Block.addDestroyEffects
[21:50:36] [Client thread/INFO]: [OptiFine] (Reflector) Method not present: net.minecraft.block.Block.addHitEffects
[21:50:36] [Client thread/INFO]: [OptiFine] (Reflector) Method not present: net.minecraft.block.Block.canCreatureSpawn
[21:50:36] [Client thread/INFO]: [OptiFine] (Reflector) Method not present: net.minecraft.block.Block.canRenderInLayer
[21:50:36] [Client thread/INFO]: [OptiFine] (Reflector) Method not present: net.minecraft.block.Block.doesSideBlockRendering
[21:50:36] [Client thread/INFO]: [OptiFine] (Reflector) Method not present: net.minecraft.block.Block.getBedDirection
[21:50:36] [Client thread/INFO]: [OptiFine] (Reflector) Method not present: net.minecraft.block.Block.getExtendedState
[21:50:36] [Client thread/INFO]: [OptiFine] (Reflector) Method not present: net.minecraft.block.Block.getLightOpacity
[21:50:36] [Client thread/INFO]: [OptiFine] (Reflector) Method not present: net.minecraft.block.Block.getLightValue
[21:50:36] [Client thread/INFO]: [OptiFine] (Reflector) Method not present: net.minecraft.block.Block.hasTileEntity
[21:50:36] [Client thread/INFO]: [OptiFine] (Reflector) Method not present: net.minecraft.block.Block.isAir
[21:50:36] [Client thread/INFO]: [OptiFine] (Reflector) Method not present: net.minecraft.block.Block.isBed
[21:50:36] [Client thread/INFO]: [OptiFine] (Reflector) Method not present: net.minecraft.block.Block.isBedFoot
[21:50:36] [Client thread/INFO]: [OptiFine] (Reflector) Method not present: net.minecraft.block.Block.isSideSolid
[21:50:36] [Client thread/INFO]: [OptiFine] (Reflector) Method not present: net.minecraft.world.ChunkCache.isSideSolid
[21:50:36] [Client thread/INFO]: [OptiFine] (Reflector) Method not present: net.minecraft.entity.Entity.canRiderInteract
[21:50:36] [Client thread/INFO]: [OptiFine] (Reflector) Field not present: net.minecraft.entity.Entity.captureDrops
[21:50:36] [Client thread/INFO]: [OptiFine] (Reflector) Field not present: net.minecraft.entity.Entity.capturedDrops
[21:50:36] [Client thread/INFO]: [OptiFine] (Reflector) Method not present: net.minecraft.entity.Entity.shouldRenderInPass
[21:50:36] [Client thread/INFO]: [OptiFine] (Reflector) Method not present: net.minecraft.entity.Entity.shouldRiderSit
[21:50:36] [Client thread/INFO]: [OptiFine] (Reflector) Class not present: net.minecraftforge.event.ForgeEventFactory
[21:50:36] [Client thread/INFO]: [OptiFine] (Reflector) Class not present: net.minecraftforge.common.ForgeHooks
[21:50:36] [Client thread/INFO]: [OptiFine] (Reflector) Class not present: net.minecraftforge.client.ForgeHooksClient
[21:50:36] [Client thread/INFO]: [OptiFine] (Reflector) Field not present: net.minecraft.item.Item.delegate
[21:50:36] [Client thread/INFO]: [OptiFine] (Reflector) Method not present: net.minecraft.item.Item.getDurabilityForDisplay
[21:50:36] [Client thread/INFO]: [OptiFine] (Reflector) Method not present: net.minecraft.item.Item.getModel
[21:50:36] [Client thread/INFO]: [OptiFine] (Reflector) Method not present: net.minecraft.item.Item.onEntitySwing
[21:50:36] [Client thread/INFO]: [OptiFine] (Reflector) Method not present: net.minecraft.item.Item.shouldCauseReequipAnimation
[21:50:36] [Client thread/INFO]: [OptiFine] (Reflector) Method not present: net.minecraft.item.Item.showDurabilityBar
[21:50:36] [Client thread/INFO]: [OptiFine] (Reflector) Class not present: net.minecraftforge.common.ForgeModContainer
[21:50:36] [Client thread/INFO]: [OptiFine] (Reflector) Method not present: net.minecraft.potion.PotionEffect.isCurativeItem
[21:50:36] [Client thread/INFO]: [OptiFine] (Reflector) Method not present: net.minecraft.tileentity.TileEntity.canRenderBreaking
[21:50:36] [Client thread/INFO]: [OptiFine] (Reflector) Method not present: net.minecraft.tileentity.TileEntity.getRenderBoundingBox
[21:50:36] [Client thread/INFO]: [OptiFine] (Reflector) Method not present: net.minecraft.tileentity.TileEntity.hasFastRenderer
[21:50:36] [Client thread/INFO]: [OptiFine] (Reflector) Method not present: net.minecraft.tileentity.TileEntity.shouldRenderInPass
[21:50:36] [Client thread/INFO]: [OptiFine] (Reflector) Method not present: net.minecraft.client.renderer.vertex.VertexFormatElement$EnumUsage.preDraw
[21:50:36] [Client thread/INFO]: [OptiFine] (Reflector) Method not present: net.minecraft.client.renderer.vertex.VertexFormatElement$EnumUsage.postDraw
[21:50:36] [Client thread/INFO]: [OptiFine] (Reflector) Method not present: net.minecraft.world.World.countEntities
[21:50:36] [Client thread/INFO]: [OptiFine] (Reflector) Method not present: net.minecraft.world.World.getPerWorldStorage
[21:50:36] [Client thread/INFO]: [OptiFine] (Reflector) Method not present: net.minecraft.world.WorldProvider.getCloudRenderer
[21:50:36] [Client thread/INFO]: [OptiFine] (Reflector) Method not present: net.minecraft.world.WorldProvider.getSkyRenderer
[21:50:36] [Client thread/INFO]: [OptiFine] (Reflector) Method not present: net.minecraft.world.WorldProvider.getWeatherRenderer
[21:50:36] [Client thread/INFO]: [OptiFine] (Reflector) Method not present: net.minecraft.world.WorldProvider.getSaveFolder
[21:50:36] [Client thread/INFO]: [OptiFine] (Reflector) Class not present: net.minecraftforge.fml.client.GuiModList
[21:50:36] [Client thread/INFO]: [OptiFine] (Reflector) Class not present: net.minecraftforge.client.model.IColoredBakedQuad
[21:50:36] [Client thread/INFO]: [OptiFine] (Reflector) Class not present: net.minecraftforge.common.property.IExtendedBlockState
[21:50:36] [Client thread/INFO]: [OptiFine] (Reflector) Class not present: net.minecraftforge.client.model.IModel
[21:50:36] [Client thread/INFO]: [OptiFine] (Reflector) Class not present: net.minecraftforge.client.IRenderHandler
[21:50:36] [Client thread/INFO]: [OptiFine] (Reflector) Class not present: net.minecraftforge.client.ItemModelMesherForge
[21:50:36] [Client thread/INFO]: [OptiFine] (Reflector) Class not present: net.minecraft.launchwrapper.Launch
[21:50:36] [Client thread/INFO]: [OptiFine] (Reflector) Class not present: net.minecraftforge.client.model.pipeline.LightUtil
[21:50:36] [Client thread/INFO]: [OptiFine] (Reflector) Class not present: net.minecraftforge.fml.common.Loader
[21:50:36] [Client thread/INFO]: [OptiFine] (Reflector) Class not present: net.minecraftforge.common.MinecraftForge
[21:50:36] [Client thread/INFO]: [OptiFine] (Reflector) Class not present: net.minecraftforge.client.MinecraftForgeClient
[21:50:36] [Client thread/INFO]: [OptiFine] (Reflector) Class not present: net.minecraftforge.fml.common.ModContainer
[21:50:36] [Client thread/INFO]: [OptiFine] (Reflector) Class not present: net.minecraftforge.client.model.ModelLoader
[21:50:36] [Client thread/INFO]: [OptiFine] (Reflector) Class not present: net.minecraftforge.client.event.RenderBlockOverlayEvent$OverlayType
[21:50:36] [Client thread/INFO]: [OptiFine] (Reflector) Class not present: net.minecraftforge.fml.client.registry.RenderingRegistry
[21:50:36] [Client thread/INFO]: [OptiFine] (Reflector) Class not present: net.minecraftforge.client.event.RenderItemInFrameEvent
[21:50:36] [Client thread/INFO]: [OptiFine] (Reflector) Class not present: net.minecraftforge.client.event.RenderLivingEvent$Pre
[21:50:36] [Client thread/INFO]: [OptiFine] (Reflector) Class not present: net.minecraftforge.client.event.RenderLivingEvent$Post
[21:50:36] [Client thread/INFO]: [OptiFine] (Reflector) Class not present: net.minecraftforge.client.event.RenderLivingEvent$Specials$Pre
[21:50:36] [Client thread/INFO]: [OptiFine] (Reflector) Class not present: net.minecraftforge.client.event.RenderLivingEvent$Specials$Post
[21:50:36] [Client thread/INFO]: [OptiFine] (Reflector) Class not present: net.minecraftforge.fml.client.SplashProgress
[21:50:36] [Client thread/INFO]: [OptiFine] (Reflector) Class not present: net.minecraftforge.event.world.WorldEvent$Load
[21:50:36] [Client thread/INFO]: [OptiFine] *** Reflector Vanilla ***
[21:50:36] [Client thread/INFO]: [OptiFine] (Reflector) Class not present: optifine.OptiFineClassTransformer
[21:50:36] [Client thread/INFO]: LWJGL Version: 2.9.4
[21:50:37] [Client thread/INFO]: [OptiFine] 
[21:50:37] [Client thread/INFO]: [OptiFine] OptiFine_1.8.9_HD_U_L5
[21:50:37] [Client thread/INFO]: [OptiFine] Build: null
[21:50:37] [Client thread/INFO]: [OptiFine] OS: Windows 10 (amd64) version 10.0
[21:50:37] [Client thread/INFO]: [OptiFine] Java: 16.0.2, Amazon.com Inc.
[21:50:37] [Client thread/INFO]: [OptiFine] VM: OpenJDK 64-Bit Server VM (mixed mode, sharing), Amazon.com Inc.
[21:50:37] [Client thread/INFO]: [OptiFine] LWJGL: 2.9.4
[21:50:37] [Client thread/INFO]: [OptiFine] OpenGL: NVIDIA GeForce GTX 1050 Ti/PCIe/SSE2, version 4.6.0 NVIDIA 497.09, NVIDIA Corporation
[21:50:37] [Client thread/INFO]: [OptiFine] OpenGL Version: 4.6.0
[21:50:37] [Client thread/INFO]: [OptiFine] Maximum texture size: 32768x32768
[21:50:37] [VersionCheck/INFO]: [OptiFine] Checking for new version
[21:50:37] [Client thread/INFO]: [Shaders] OpenGL Version: 4.6.0 NVIDIA 497.09
[21:50:37] [Client thread/INFO]: [Shaders] Vendor:  NVIDIA Corporation
[21:50:37] [Client thread/INFO]: [Shaders] Renderer: NVIDIA GeForce GTX 1050 Ti/PCIe/SSE2
[21:50:37] [Client thread/INFO]: [Shaders] Capabilities:  2.0  2.1  3.0  3.2  4.0 
[21:50:37] [Client thread/INFO]: [Shaders] GL_MAX_DRAW_BUFFERS: 8
[21:50:37] [Client thread/INFO]: [Shaders] GL_MAX_COLOR_ATTACHMENTS_EXT: 8
[21:50:37] [Client thread/INFO]: [Shaders] GL_MAX_TEXTURE_IMAGE_UNITS: 32
[21:50:37] [Client thread/INFO]: [Shaders] Load shaders configuration.
[21:50:37] [Client thread/INFO]: [Shaders] Save shaders configuration.
[21:50:37] [Client thread/INFO]: [Shaders] No shaderpack loaded.
[21:50:37] [Client thread/INFO]: Reloading ResourceManager: Default
[21:50:37] [Client thread/INFO]: [OptiFine] *** Reloading textures ***
[21:50:37] [Client thread/INFO]: [OptiFine] Resource packs: Default
[21:50:37] [Client thread/INFO]: [OptiFine] (Reflector) Class not present: net.minecraftforge.client.model.Attributes
[21:50:37] [Client thread/ERROR]: Couldn't initialize twitch stream
[21:50:37] [Sound Library Loader/INFO]: Starting up SoundSystem...
[21:50:37] [VersionCheck/INFO]: [OptiFine] Version found: M5
[21:50:37] [Thread-5/INFO]: Initializing LWJGL OpenAL
[21:50:37] [Thread-5/INFO]: (The LWJGL binding of OpenAL.  For more information, see http://www.lwjgl.org)
[21:50:37] [Thread-5/INFO]: OpenAL initialized.
[21:50:37] [Sound Library Loader/INFO]: Sound engine started
[21:50:38] [Client thread/INFO]: [OptiFine] Multitexture: false
[21:50:38] [Client thread/INFO]: [OptiFine] ConnectedTextures: mcpatcher/ctm/default/0_glass_white/glass_pane_white.properties
[21:50:38] [Client thread/INFO]: [OptiFine] ConnectedTextures: mcpatcher/ctm/default/0_glass_white/glass_white.properties
[21:50:38] [Client thread/INFO]: [OptiFine] ConnectedTextures: mcpatcher/ctm/default/10_glass_purple/glass_pane_purple.properties
[21:50:38] [Client thread/INFO]: [OptiFine] ConnectedTextures: mcpatcher/ctm/default/10_glass_purple/glass_purple.properties
[21:50:38] [Client thread/INFO]: [OptiFine] ConnectedTextures: mcpatcher/ctm/default/11_glass_blue/glass_blue.properties
[21:50:38] [Client thread/INFO]: [OptiFine] ConnectedTextures: mcpatcher/ctm/default/11_glass_blue/glass_pane_blue.properties
[21:50:38] [Client thread/INFO]: [OptiFine] ConnectedTextures: mcpatcher/ctm/default/12_glass_brown/glass_brown.properties
[21:50:38] [Client thread/INFO]: [OptiFine] ConnectedTextures: mcpatcher/ctm/default/12_glass_brown/glass_pane_brown.properties
[21:50:38] [Client thread/INFO]: [OptiFine] ConnectedTextures: mcpatcher/ctm/default/13_glass_green/glass_green.properties
[21:50:38] [Client thread/INFO]: [OptiFine] ConnectedTextures: mcpatcher/ctm/default/13_glass_green/glass_pane_green.properties
[21:50:38] [Client thread/INFO]: [OptiFine] ConnectedTextures: mcpatcher/ctm/default/14_glass_red/glass_pane_red.properties
[21:50:38] [Client thread/INFO]: [OptiFine] ConnectedTextures: mcpatcher/ctm/default/14_glass_red/glass_red.properties
[21:50:38] [Client thread/INFO]: [OptiFine] ConnectedTextures: mcpatcher/ctm/default/15_glass_black/glass_black.properties
[21:50:38] [Client thread/INFO]: [OptiFine] ConnectedTextures: mcpatcher/ctm/default/15_glass_black/glass_pane_black.properties
[21:50:38] [Client thread/INFO]: [OptiFine] ConnectedTextures: mcpatcher/ctm/default/1_glass_orange/glass_orange.properties
[21:50:38] [Client thread/INFO]: [OptiFine] ConnectedTextures: mcpatcher/ctm/default/1_glass_orange/glass_pane_orange.properties
[21:50:38] [Client thread/INFO]: [OptiFine] ConnectedTextures: mcpatcher/ctm/default/2_glass_magenta/glass_magenta.properties
[21:50:38] [Client thread/INFO]: [OptiFine] ConnectedTextures: mcpatcher/ctm/default/2_glass_magenta/glass_pane_magenta.properties
[21:50:38] [Client thread/INFO]: [OptiFine] ConnectedTextures: mcpatcher/ctm/default/3_glass_light_blue/glass_light_blue.properties
[21:50:38] [Client thread/INFO]: [OptiFine] ConnectedTextures: mcpatcher/ctm/default/3_glass_light_blue/glass_pane_light_blue.properties
[21:50:38] [Client thread/INFO]: [OptiFine] ConnectedTextures: mcpatcher/ctm/default/4_glass_yellow/glass_pane_yellow.properties
[21:50:38] [Client thread/INFO]: [OptiFine] ConnectedTextures: mcpatcher/ctm/default/4_glass_yellow/glass_yellow.properties
[21:50:38] [Client thread/INFO]: [OptiFine] ConnectedTextures: mcpatcher/ctm/default/5_glass_lime/glass_lime.properties
[21:50:38] [Client thread/INFO]: [OptiFine] ConnectedTextures: mcpatcher/ctm/default/5_glass_lime/glass_pane_lime.properties
[21:50:38] [Client thread/INFO]: [OptiFine] ConnectedTextures: mcpatcher/ctm/default/6_glass_pink/glass_pane_pink.properties
[21:50:38] [Client thread/INFO]: [OptiFine] ConnectedTextures: mcpatcher/ctm/default/6_glass_pink/glass_pink.properties
[21:50:38] [Client thread/INFO]: [OptiFine] ConnectedTextures: mcpatcher/ctm/default/7_glass_gray/glass_gray.properties
[21:50:38] [Client thread/INFO]: [OptiFine] ConnectedTextures: mcpatcher/ctm/default/7_glass_gray/glass_pane_gray.properties
[21:50:38] [Client thread/INFO]: [OptiFine] ConnectedTextures: mcpatcher/ctm/default/8_glass_silver/glass_pane_silver.properties
[21:50:38] [Client thread/INFO]: [OptiFine] ConnectedTextures: mcpatcher/ctm/default/8_glass_silver/glass_silver.properties
[21:50:38] [Client thread/INFO]: [OptiFine] ConnectedTextures: mcpatcher/ctm/default/9_glass_cyan/glass_cyan.properties
[21:50:38] [Client thread/INFO]: [OptiFine] ConnectedTextures: mcpatcher/ctm/default/9_glass_cyan/glass_pane_cyan.properties
[21:50:38] [Client thread/INFO]: [OptiFine] ConnectedTextures: mcpatcher/ctm/default/bookshelf.properties
[21:50:38] [Client thread/INFO]: [OptiFine] ConnectedTextures: mcpatcher/ctm/default/glass.properties
[21:50:38] [Client thread/INFO]: [OptiFine] ConnectedTextures: mcpatcher/ctm/default/glasspane.properties
[21:50:38] [Client thread/INFO]: [OptiFine] ConnectedTextures: mcpatcher/ctm/default/sandstone.properties
[21:50:38] [Client thread/INFO]: [OptiFine] Multipass connected textures: false
[21:50:38] [Client thread/INFO]: [OptiFine] BetterGrass: Parsing default configuration optifine/bettergrass.properties
[21:50:39] [Client thread/INFO]: Created: 1024x512 textures-atlas
[21:50:39] [Client thread/INFO]: [OptiFine] Animated sprites: 11
[21:50:39] [Client thread/ERROR]: Realms module missing
java.lang.ClassNotFoundException: com.mojang.realmsclient.gui.screens.RealmsNotificationsScreen
	at java.base/jdk.internal.loader.BuiltinClassLoader.loadClass(BuiltinClassLoader.java:636) ~[?:?]
	at java.base/jdk.internal.loader.ClassLoaders$AppClassLoader.loadClass(ClassLoaders.java:182) ~[?:?]
	at java.base/java.lang.ClassLoader.loadClass(ClassLoader.java:519) ~[?:?]
	at java.base/java.lang.Class.forName0(Native Method) ~[?:?]
	at java.base/java.lang.Class.forName(Class.java:375) ~[?:?]
	at net.minecraft.realms.RealmsBridge.getNotificationScreen(RealmsBridge.java:38) [classes/:?]
	at net.minecraft.client.gui.GuiMainMenu.initGui(GuiMainMenu.java:252) [classes/:?]
	at net.minecraft.client.gui.GuiScreen.setWorldAndResolution(GuiScreen.java:551) [classes/:?]
	at net.minecraft.client.Minecraft.displayGuiScreen(Minecraft.java:997) [classes/:?]
	at net.minecraft.client.Minecraft.startGame(Minecraft.java:572) [classes/:?]
	at net.minecraft.client.Minecraft.run(Minecraft.java:400) [classes/:?]
	at net.minecraft.client.main.Main.main(Main.java:113) [classes/:?]
	at Start.main(Start.java:11) [classes/:?]
[21:50:39] [Client thread/INFO]: [OptiFine] *** Reloading custom textures ***
[21:50:39] [Client thread/INFO]: [OptiFine] Enable face culling: acacia_leaves, birch_leaves, dark_oak_leaves, jungle_leaves, oak_leaves, spruce_leaves
[21:50:41] [Client thread/ERROR]: Realms module missing
java.lang.ClassNotFoundException: com.mojang.realmsclient.gui.screens.RealmsNotificationsScreen
	at java.base/jdk.internal.loader.BuiltinClassLoader.loadClass(BuiltinClassLoader.java:636) ~[?:?]
	at java.base/jdk.internal.loader.ClassLoaders$AppClassLoader.loadClass(ClassLoaders.java:182) ~[?:?]
	at java.base/java.lang.ClassLoader.loadClass(ClassLoader.java:519) ~[?:?]
	at java.base/java.lang.Class.forName0(Native Method) ~[?:?]
	at java.base/java.lang.Class.forName(Class.java:375) ~[?:?]
	at net.minecraft.realms.RealmsBridge.getNotificationScreen(RealmsBridge.java:38) [classes/:?]
	at net.minecraft.client.gui.GuiMainMenu.initGui(GuiMainMenu.java:252) [classes/:?]
	at net.minecraft.client.gui.GuiScreen.setWorldAndResolution(GuiScreen.java:551) [classes/:?]
	at net.minecraft.client.Minecraft.displayGuiScreen(Minecraft.java:997) [classes/:?]
	at net.minecraft.client.gui.GuiSelectWorld.func_146615_e(GuiSelectWorld.java:175) [classes/:?]
	at net.minecraft.client.gui.GuiSelectWorld$List.elementClicked(GuiSelectWorld.java:270) [classes/:?]
	at net.minecraft.client.gui.GuiSlot.handleMouseInput(GuiSlot.java:354) [classes/:?]
	at net.minecraft.client.gui.GuiSelectWorld.handleMouseInput(GuiSelectWorld.java:81) [classes/:?]
	at net.minecraft.client.gui.GuiScreen.handleInput(GuiScreen.java:577) [classes/:?]
	at net.minecraft.client.Minecraft.runTick(Minecraft.java:1774) [classes/:?]
	at net.minecraft.client.Minecraft.runGameLoop(Minecraft.java:1101) [classes/:?]
	at net.minecraft.client.Minecraft.run(Minecraft.java:420) [classes/:?]
	at net.minecraft.client.main.Main.main(Main.java:113) [classes/:?]
	at Start.main(Start.java:11) [classes/:?]
[21:50:41] [Server thread/INFO]: Starting integrated minecraft server version 1.9
[21:50:41] [Server thread/INFO]: Generating keypair
[21:50:41] [Server thread/INFO]: Preparing start region for level 0
[21:50:41] [Server thread/INFO]: Changing view distance to 8, from 10
[21:50:41] [Client thread/ERROR]: Realms module missing
java.lang.ClassNotFoundException: com.mojang.realmsclient.gui.screens.RealmsNotificationsScreen
	at java.base/jdk.internal.loader.BuiltinClassLoader.loadClass(BuiltinClassLoader.java:636) ~[?:?]
	at java.base/jdk.internal.loader.ClassLoaders$AppClassLoader.loadClass(ClassLoaders.java:182) ~[?:?]
	at java.base/java.lang.ClassLoader.loadClass(ClassLoader.java:519) ~[?:?]
	at java.base/java.lang.Class.forName0(Native Method) ~[?:?]
	at java.base/java.lang.Class.forName(Class.java:375) ~[?:?]
	at net.minecraft.realms.RealmsBridge.getNotificationScreen(RealmsBridge.java:38) [classes/:?]
	at net.minecraft.client.gui.GuiMainMenu.initGui(GuiMainMenu.java:252) [classes/:?]
	at net.minecraft.client.gui.GuiScreen.setWorldAndResolution(GuiScreen.java:551) [classes/:?]
	at net.minecraft.client.Minecraft.displayGuiScreen(Minecraft.java:997) [classes/:?]
	at net.minecraft.client.Minecraft.launchIntegratedServer(Minecraft.java:2312) [classes/:?]
	at net.minecraft.client.gui.GuiSelectWorld.func_146615_e(GuiSelectWorld.java:196) [classes/:?]
	at net.minecraft.client.gui.GuiSelectWorld$List.elementClicked(GuiSelectWorld.java:270) [classes/:?]
	at net.minecraft.client.gui.GuiSlot.handleMouseInput(GuiSlot.java:354) [classes/:?]
	at net.minecraft.client.gui.GuiSelectWorld.handleMouseInput(GuiSelectWorld.java:81) [classes/:?]
	at net.minecraft.client.gui.GuiScreen.handleInput(GuiScreen.java:577) [classes/:?]
	at net.minecraft.client.Minecraft.runTick(Minecraft.java:1774) [classes/:?]
	at net.minecraft.client.Minecraft.runGameLoop(Minecraft.java:1101) [classes/:?]
	at net.minecraft.client.Minecraft.run(Minecraft.java:420) [classes/:?]
	at net.minecraft.client.main.Main.main(Main.java:113) [classes/:?]
	at Start.main(Start.java:11) [classes/:?]
[21:50:42] [Server thread/INFO]: Player437[local:E:3f9b042f] logged in with entity id 139 at (513.3533519090087, 68.0, 244.2247227543002)
[21:50:42] [Server thread/INFO]: Player437 joined the game
[21:50:42] [Client thread/INFO]: [CHAT] A new §eOptiFine§f version is available: §e§nHD Ultra M5§r§f
[21:50:45] [Server thread/INFO]: Saving and pausing game...
[21:50:45] [Server thread/INFO]: Saving chunks for level 'mcpworld'/Overworld
[21:50:45] [Server thread/INFO]: Saving chunks for level 'mcpworld'/Nether
[21:50:45] [Server thread/INFO]: Saving chunks for level 'mcpworld'/The End
[21:50:50] [Server thread/INFO]: Saving and pausing game...
[21:50:50] [Server thread/INFO]: Saving chunks for level 'mcpworld'/Overworld
[21:50:50] [Server thread/INFO]: Saving chunks for level 'mcpworld'/Nether
[21:50:50] [Server thread/INFO]: Saving chunks for level 'mcpworld'/The End
[21:50:51] [Server thread/INFO]: Player437 has just earned the achievement [Taking Inventory]
[21:50:51] [Client thread/INFO]: [CHAT] Player437 has just earned the achievement [Taking Inventory]
[21:51:03] [Server thread/INFO]: Saving and pausing game...
[21:51:03] [Server thread/INFO]: Saving chunks for level 'mcpworld'/Overworld
[21:51:03] [Server thread/INFO]: Saving chunks for level 'mcpworld'/Nether
[21:51:03] [Server thread/INFO]: Saving chunks for level 'mcpworld'/The End
[21:52:04] [Server thread/INFO]: Saving and pausing game...
[21:52:04] [Server thread/INFO]: Saving chunks for level 'mcpworld'/Overworld
[21:52:04] [Server thread/INFO]: Saving chunks for level 'mcpworld'/Nether
[21:52:04] [Server thread/INFO]: Saving chunks for level 'mcpworld'/The End
[21:52:25] [Server thread/INFO]: Saving and pausing game...
[21:52:25] [Server thread/INFO]: Saving chunks for level 'mcpworld'/Overworld
[21:52:25] [Server thread/INFO]: Saving chunks for level 'mcpworld'/Nether
[21:52:25] [Server thread/INFO]: Saving chunks for level 'mcpworld'/The End
[21:53:42] [Server thread/INFO]: Saving and pausing game...
[21:53:42] [Server thread/INFO]: Saving chunks for level 'mcpworld'/Overworld
[21:53:42] [Server thread/INFO]: Saving chunks for level 'mcpworld'/Nether
[21:53:42] [Server thread/INFO]: Saving chunks for level 'mcpworld'/The End
[21:53:44] [Server thread/INFO]: Saving and pausing game...
[21:53:44] [Server thread/INFO]: Saving chunks for level 'mcpworld'/Overworld
[21:53:44] [Server thread/INFO]: Saving chunks for level 'mcpworld'/Nether
[21:53:44] [Server thread/INFO]: Saving chunks for level 'mcpworld'/The End
[21:53:49] [Server thread/INFO]: Saving and pausing game...
[21:53:49] [Server thread/INFO]: Saving chunks for level 'mcpworld'/Overworld
[21:53:49] [Server thread/INFO]: Saving chunks for level 'mcpworld'/Nether
[21:53:49] [Server thread/INFO]: Saving chunks for level 'mcpworld'/The End
[21:54:23] [Server thread/INFO]: Saving and pausing game...
[21:54:23] [Server thread/INFO]: Saving chunks for level 'mcpworld'/Overworld
[21:54:23] [Server thread/INFO]: Saving chunks for level 'mcpworld'/Nether
[21:54:23] [Server thread/INFO]: Saving chunks for level 'mcpworld'/The End
[21:54:57] [Server thread/INFO]: Saving and pausing game...
[21:54:57] [Server thread/INFO]: Saving chunks for level 'mcpworld'/Overworld
[21:54:57] [Server thread/INFO]: Saving chunks for level 'mcpworld'/Nether
[21:54:57] [Server thread/INFO]: Saving chunks for level 'mcpworld'/The End
[21:55:09] [Server thread/INFO]: Saving and pausing game...
[21:55:09] [Server thread/INFO]: Saving chunks for level 'mcpworld'/Overworld
[21:55:09] [Server thread/INFO]: Saving chunks for level 'mcpworld'/Nether
[21:55:09] [Server thread/INFO]: Saving chunks for level 'mcpworld'/The End
[21:56:08] [Server thread/INFO]: Saving and pausing game...
[21:56:08] [Server thread/INFO]: Saving chunks for level 'mcpworld'/Overworld
[21:56:08] [Server thread/INFO]: Saving chunks for level 'mcpworld'/Nether
[21:56:08] [Server thread/INFO]: Saving chunks for level 'mcpworld'/The End
[21:56:35] [Server thread/INFO]: Saving and pausing game...
[21:56:35] [Server thread/INFO]: Saving chunks for level 'mcpworld'/Overworld
[21:56:35] [Server thread/INFO]: Saving chunks for level 'mcpworld'/Nether
[21:56:35] [Server thread/INFO]: Saving chunks for level 'mcpworld'/The End
[21:57:27] [Server thread/INFO]: [Player437: Set the time to 1000]
[21:57:27] [Client thread/INFO]: [CHAT] Set the time to 1000
[21:59:18] [Server thread/INFO]: Saving and pausing game...
[21:59:18] [Server thread/INFO]: Saving chunks for level 'mcpworld'/Overworld
[21:59:18] [Server thread/INFO]: Saving chunks for level 'mcpworld'/Nether
[21:59:18] [Server thread/INFO]: Saving chunks for level 'mcpworld'/The End
[22:00:12] [Server thread/INFO]: Saving and pausing game...
[22:00:12] [Server thread/INFO]: Saving chunks for level 'mcpworld'/Overworld
[22:00:12] [Server thread/INFO]: Saving chunks for level 'mcpworld'/Nether
[22:00:12] [Server thread/INFO]: Saving chunks for level 'mcpworld'/The End
[22:00:16] [Server thread/INFO]: Saving and pausing game...
[22:00:16] [Server thread/INFO]: Saving chunks for level 'mcpworld'/Overworld
[22:00:16] [Server thread/INFO]: Saving chunks for level 'mcpworld'/Nether
[22:00:16] [Server thread/INFO]: Saving chunks for level 'mcpworld'/The End
[22:02:54] [Server thread/INFO]: Saving and pausing game...
[22:02:54] [Server thread/INFO]: Saving chunks for level 'mcpworld'/Overworld
[22:02:54] [Server thread/INFO]: Saving chunks for level 'mcpworld'/Nether
[22:02:54] [Server thread/INFO]: Saving chunks for level 'mcpworld'/The End
[22:03:12] [Server thread/INFO]: Saving and pausing game...
[22:03:12] [Server thread/INFO]: Saving chunks for level 'mcpworld'/Overworld
[22:03:12] [Server thread/INFO]: Saving chunks for level 'mcpworld'/Nether
[22:03:12] [Server thread/INFO]: Saving chunks for level 'mcpworld'/The End
[22:04:13] [Server thread/INFO]: Saving and pausing game...
[22:04:13] [Server thread/INFO]: Saving chunks for level 'mcpworld'/Overworld
[22:04:13] [Server thread/INFO]: Saving chunks for level 'mcpworld'/Nether
[22:04:13] [Server thread/INFO]: Saving chunks for level 'mcpworld'/The End
